[PID=40626][2026-06-26 10:59:57] on_visible_page_changed(): 'microphone'
[PID=40626][2026-06-26 11:00:02] on_device_node_selected(): 'ttyS31'
[PID=40626][2026-06-26 11:00:28] on_visible_page_changed(): 'ai_model'
[PID=40626][2026-06-26 11:00:31] on_visible_page_changed(): 'navigation'
[PID=40626][2026-06-26 11:00:35] on_visible_page_changed(): 'gps_map'
[PID=40626][2026-06-26 11:00:39] on_visible_page_changed(): 'microphone'
[PID=40626][2026-06-26 11:00:42] on_visible_page_changed(): 'ai_model'
[PID=40626][2026-06-26 11:00:43] on_visible_page_changed(): 'microphone'
[PID=9284][2026-06-26 11:36:00] on_visible_page_changed(): 'microphone'
[PID=9284][2026-06-26 11:36:02] on_device_node_selected(): 'ttyS31'
[PID=9284][2026-06-26 11:36:06] on_comm_channel_selected(): 'USB'
[PID=9284][2026-06-26 11:36:06] on_device_node_selected(): 'ttyUSB0'
[PID=9284][2026-06-26 11:36:08] on_mic_button_clicked(): 'Start'
[PID=9284][2026-06-26 11:36:08] opened the '/dev/ttyUSB0' device node
[PID=9284][2026-06-26 11:36:10] read total 16412 bytes from the associated node
[PID=9284][2026-06-26 11:36:10] completed the signal analysis operations
[PID=9284][2026-06-26 11:36:10] requested the microphone plot redraws
[PID=9284][2026-06-26 11:36:10] updated the navigation data recently
[PID=9284][2026-06-26 11:36:11] requested the navigtion plot redraw
[PID=9284][2026-06-26 11:36:11] updated the GPS map data recently
[PID=9284][2026-06-26 11:36:11] marked the last position on the gps map
[PID=9284][2026-06-26 11:36:11] recorded the payload data into './db/sensor-data.db'
[PID=9284][2026-06-26 11:36:12] read total 16412 bytes from the associated node
[PID=9284][2026-06-26 11:36:12] completed the signal analysis operations
[PID=9284][2026-06-26 11:36:12] requested the microphone plot redraws
[PID=9284][2026-06-26 11:36:13] updated the navigation data recently
[PID=9284][2026-06-26 11:36:13] requested the navigtion plot redraw
[PID=9284][2026-06-26 11:36:13] updated the GPS map data recently
[PID=9284][2026-06-26 11:36:13] marked the last position on the gps map
[PID=9284][2026-06-26 11:36:13] recorded the payload data into './db/sensor-data.db'
[PID=9284][2026-06-26 11:36:16] read total 16412 bytes from the associated node
[PID=9284][2026-06-26 11:36:16] completed the signal analysis operations
[PID=9284][2026-06-26 11:36:16] requested the microphone plot redraws
[PID=9284][2026-06-26 11:36:16] updated the navigation data recently
[PID=9284][2026-06-26 11:36:17] requested the navigtion plot redraw
[PID=9284][2026-06-26 11:36:17] updated the GPS map data recently
[PID=9284][2026-06-26 11:36:17] marked the last position on the gps map
[PID=9284][2026-06-26 11:36:17] recorded the payload data into './db/sensor-data.db'
[PID=9284][2026-06-26 11:36:18] read total 16412 bytes from the associated node
[PID=9284][2026-06-26 11:36:18] completed the signal analysis operations
[PID=9284][2026-06-26 11:36:19] requested the microphone plot redraws
[PID=9284][2026-06-26 11:36:19] updated the navigation data recently
[PID=9284][2026-06-26 11:36:19] requested the navigtion plot redraw
[PID=9284][2026-06-26 11:36:19] updated the GPS map data recently
[PID=9284][2026-06-26 11:36:19] marked the last position on the gps map
[PID=9284][2026-06-26 11:36:19] recorded the payload data into './db/sensor-data.db'
[PID=9284][2026-06-26 11:36:21] read total 16412 bytes from the associated node
[PID=9284][2026-06-26 11:36:21] completed the signal analysis operations
[PID=9284][2026-06-26 11:36:21] requested the microphone plot redraws
[PID=9284][2026-06-26 11:36:21] updated the navigation data recently
[PID=9284][2026-06-26 11:36:21] requested the navigtion plot redraw
[PID=9284][2026-06-26 11:36:21] updated the GPS map data recently
[PID=9284][2026-06-26 11:36:22] marked the last position on the gps map
[PID=9284][2026-06-26 11:36:22] recorded the payload data into './db/sensor-data.db'
[PID=9284][2026-06-26 11:36:24] read total 16412 bytes from the associated node
[PID=9284][2026-06-26 11:36:25] completed the signal analysis operations
[PID=9284][2026-06-26 11:36:25] requested the microphone plot redraws
[PID=9284][2026-06-26 11:36:25] updated the navigation data recently
[PID=9284][2026-06-26 11:36:25] requested the navigtion plot redraw
[PID=9284][2026-06-26 11:36:26] updated the GPS map data recently
[PID=9284][2026-06-26 11:36:26] marked the last position on the gps map
[PID=9284][2026-06-26 11:36:26] recorded the payload data into './db/sensor-data.db'
[PID=9284][2026-06-26 11:36:27] read total 16412 bytes from the associated node
[PID=9284][2026-06-26 11:36:27] completed the signal analysis operations
[PID=9284][2026-06-26 11:36:27] requested the microphone plot redraws
[PID=9284][2026-06-26 11:36:28] updated the navigation data recently
[PID=9284][2026-06-26 11:36:28] requested the navigtion plot redraw
[PID=9284][2026-06-26 11:36:28] updated the GPS map data recently
[PID=9284][2026-06-26 11:36:28] marked the last position on the gps map
[PID=9284][2026-06-26 11:36:28] recorded the payload data into './db/sensor-data.db'
[PID=9284][2026-06-26 11:36:29] read total 16412 bytes from the associated node
[PID=9284][2026-06-26 11:36:29] completed the signal analysis operations
[PID=9284][2026-06-26 11:36:30] requested the microphone plot redraws
[PID=9284][2026-06-26 11:36:30] updated the navigation data recently
[PID=9284][2026-06-26 11:36:30] requested the navigtion plot redraw
[PID=9284][2026-06-26 11:36:30] updated the GPS map data recently
[PID=9284][2026-06-26 11:36:31] marked the last position on the gps map
[PID=9284][2026-06-26 11:36:31] recorded the payload data into './db/sensor-data.db'
[PID=9284][2026-06-26 11:36:33] read total 16412 bytes from the associated node
[PID=9284][2026-06-26 11:36:33] completed the signal analysis operations
[PID=9284][2026-06-26 11:36:34] requested the microphone plot redraws
[PID=9284][2026-06-26 11:36:34] updated the navigation data recently
[PID=9284][2026-06-26 11:36:34] requested the navigtion plot redraw
[PID=9284][2026-06-26 11:36:34] updated the GPS map data recently
[PID=9284][2026-06-26 11:36:34] marked the last position on the gps map
[PID=9284][2026-06-26 11:36:35] recorded the payload data into './db/sensor-data.db'
[PID=9284][2026-06-26 11:36:36] read total 16412 bytes from the associated node
[PID=9284][2026-06-26 11:36:36] completed the signal analysis operations
[PID=9284][2026-06-26 11:36:36] requested the microphone plot redraws
[PID=9284][2026-06-26 11:36:36] updated the navigation data recently
[PID=9284][2026-06-26 11:36:36] requested the navigtion plot redraw
[PID=9284][2026-06-26 11:36:37] updated the GPS map data recently
[PID=9284][2026-06-26 11:36:37] marked the last position on the gps map
[PID=9284][2026-06-26 11:36:37] recorded the payload data into './db/sensor-data.db'
[PID=9284][2026-06-26 11:36:38] read total 16412 bytes from the associated node
[PID=9284][2026-06-26 11:36:38] completed the signal analysis operations
[PID=9284][2026-06-26 11:36:38] requested the microphone plot redraws
[PID=9284][2026-06-26 11:36:39] updated the navigation data recently
[PID=9284][2026-06-26 11:36:39] requested the navigtion plot redraw
[PID=9284][2026-06-26 11:36:39] updated the GPS map data recently
[PID=9284][2026-06-26 11:36:39] marked the last position on the gps map
[PID=9284][2026-06-26 11:36:40] recorded the payload data into './db/sensor-data.db'
[PID=9284][2026-06-26 11:36:41] read total 16412 bytes from the associated node
[PID=9284][2026-06-26 11:36:41] completed the signal analysis operations
[PID=9284][2026-06-26 11:36:42] requested the microphone plot redraws
[PID=9284][2026-06-26 11:36:42] updated the navigation data recently
[PID=9284][2026-06-26 11:36:42] requested the navigtion plot redraw
[PID=9284][2026-06-26 11:36:42] updated the GPS map data recently
[PID=9284][2026-06-26 11:36:42] marked the last position on the gps map
[PID=9284][2026-06-26 11:36:42] recorded the payload data into './db/sensor-data.db'
[PID=9284][2026-06-26 11:36:44] read total 16412 bytes from the associated node
[PID=9284][2026-06-26 11:36:44] completed the signal analysis operations
[PID=9284][2026-06-26 11:36:44] requested the microphone plot redraws
[PID=9284][2026-06-26 11:36:44] updated the navigation data recently
[PID=9284][2026-06-26 11:36:45] requested the navigtion plot redraw
[PID=9284][2026-06-26 11:36:45] updated the GPS map data recently
[PID=9284][2026-06-26 11:36:45] marked the last position on the gps map
[PID=9284][2026-06-26 11:36:45] recorded the payload data into './db/sensor-data.db'
[PID=9284][2026-06-26 11:36:47] read total 16412 bytes from the associated node
[PID=9284][2026-06-26 11:36:47] completed the signal analysis operations
[PID=9284][2026-06-26 11:36:47] requested the microphone plot redraws
[PID=9284][2026-06-26 11:36:47] updated the navigation data recently
[PID=9284][2026-06-26 11:36:47] requested the navigtion plot redraw
[PID=9284][2026-06-26 11:36:47] updated the GPS map data recently
[PID=9284][2026-06-26 11:36:48] marked the last position on the gps map
[PID=9284][2026-06-26 11:36:48] recorded the payload data into './db/sensor-data.db'
[PID=9284][2026-06-26 11:36:49] read total 16412 bytes from the associated node
[PID=9284][2026-06-26 11:36:49] completed the signal analysis operations
[PID=9284][2026-06-26 11:36:50] requested the microphone plot redraws
[PID=9284][2026-06-26 11:36:50] updated the navigation data recently
[PID=9284][2026-06-26 11:36:50] requested the navigtion plot redraw
[PID=9284][2026-06-26 11:36:50] updated the GPS map data recently
[PID=9284][2026-06-26 11:36:50] marked the last position on the gps map
[PID=9284][2026-06-26 11:36:50] recorded the payload data into './db/sensor-data.db'
[PID=9284][2026-06-26 11:36:53] read total 16412 bytes from the associated node
[PID=9284][2026-06-26 11:36:53] completed the signal analysis operations
[PID=9284][2026-06-26 11:36:53] requested the microphone plot redraws
[PID=9284][2026-06-26 11:36:53] updated the navigation data recently
[PID=9284][2026-06-26 11:36:53] requested the navigtion plot redraw
[PID=9284][2026-06-26 11:36:54] updated the GPS map data recently
[PID=9284][2026-06-26 11:36:54] marked the last position on the gps map
[PID=9284][2026-06-26 11:36:54] recorded the payload data into './db/sensor-data.db'
[PID=9284][2026-06-26 11:36:55] read total 16412 bytes from the associated node
[PID=9284][2026-06-26 11:36:55] completed the signal analysis operations
[PID=9284][2026-06-26 11:36:55] requested the microphone plot redraws
[PID=9284][2026-06-26 11:36:55] updated the navigation data recently
[PID=9284][2026-06-26 11:36:56] requested the navigtion plot redraw
[PID=9284][2026-06-26 11:36:56] updated the GPS map data recently
[PID=9284][2026-06-26 11:36:56] marked the last position on the gps map
[PID=9284][2026-06-26 11:36:56] recorded the payload data into './db/sensor-data.db'
[PID=9284][2026-06-26 11:36:59] read total 16412 bytes from the associated node
[PID=9284][2026-06-26 11:36:59] completed the signal analysis operations
[PID=9284][2026-06-26 11:36:59] requested the microphone plot redraws
[PID=9284][2026-06-26 11:36:59] updated the navigation data recently
[PID=9284][2026-06-26 11:36:59] requested the navigtion plot redraw
[PID=9284][2026-06-26 11:36:59] updated the GPS map data recently
[PID=9284][2026-06-26 11:36:59] marked the last position on the gps map
[PID=9284][2026-06-26 11:37:00] recorded the payload data into './db/sensor-data.db'
[PID=9284][2026-06-26 11:37:01] read total 16412 bytes from the associated node
[PID=9284][2026-06-26 11:37:01] completed the signal analysis operations
[PID=9284][2026-06-26 11:37:01] requested the microphone plot redraws
[PID=9284][2026-06-26 11:37:01] updated the navigation data recently
[PID=9284][2026-06-26 11:37:01] requested the navigtion plot redraw
[PID=9284][2026-06-26 11:37:01] updated the GPS map data recently
[PID=9284][2026-06-26 11:37:02] marked the last position on the gps map
[PID=9284][2026-06-26 11:37:02] recorded the payload data into './db/sensor-data.db'
[PID=9284][2026-06-26 11:37:04] read total 16412 bytes from the associated node
[PID=9284][2026-06-26 11:37:04] completed the signal analysis operations
[PID=9284][2026-06-26 11:37:05] requested the microphone plot redraws
[PID=9284][2026-06-26 11:37:05] updated the navigation data recently
[PID=9284][2026-06-26 11:37:05] requested the navigtion plot redraw
[PID=9284][2026-06-26 11:37:05] updated the GPS map data recently
[PID=9284][2026-06-26 11:37:05] marked the last position on the gps map
[PID=9284][2026-06-26 11:37:05] recorded the payload data into './db/sensor-data.db'
[PID=9284][2026-06-26 11:37:06] read total 16412 bytes from the associated node
[PID=9284][2026-06-26 11:37:07] completed the signal analysis operations
[PID=9284][2026-06-26 11:37:07] requested the microphone plot redraws
[PID=9284][2026-06-26 11:37:07] updated the navigation data recently
[PID=9284][2026-06-26 11:37:07] requested the navigtion plot redraw
[PID=9284][2026-06-26 11:37:07] updated the GPS map data recently
[PID=9284][2026-06-26 11:37:07] marked the last position on the gps map
[PID=9284][2026-06-26 11:37:07] recorded the payload data into './db/sensor-data.db'
[PID=9284][2026-06-26 11:37:10] read total 16412 bytes from the associated node
[PID=9284][2026-06-26 11:37:10] completed the signal analysis operations
[PID=9284][2026-06-26 11:37:10] requested the microphone plot redraws
[PID=9284][2026-06-26 11:37:10] updated the navigation data recently
[PID=9284][2026-06-26 11:37:11] requested the navigtion plot redraw
[PID=9284][2026-06-26 11:37:11] updated the GPS map data recently
[PID=9284][2026-06-26 11:37:11] marked the last position on the gps map
[PID=9284][2026-06-26 11:37:11] recorded the payload data into './db/sensor-data.db'
[PID=9284][2026-06-26 11:37:12] read total 16412 bytes from the associated node
[PID=9284][2026-06-26 11:37:12] completed the signal analysis operations
[PID=9284][2026-06-26 11:37:13] requested the microphone plot redraws
[PID=9284][2026-06-26 11:37:13] updated the navigation data recently
[PID=9284][2026-06-26 11:37:13] requested the navigtion plot redraw
[PID=9284][2026-06-26 11:37:13] updated the GPS map data recently
[PID=9284][2026-06-26 11:37:13] marked the last position on the gps map
[PID=9284][2026-06-26 11:37:13] recorded the payload data into './db/sensor-data.db'
[PID=9284][2026-06-26 11:37:16] read total 16412 bytes from the associated node
[PID=9284][2026-06-26 11:37:16] completed the signal analysis operations
[PID=9284][2026-06-26 11:37:16] requested the microphone plot redraws
[PID=9284][2026-06-26 11:37:16] updated the navigation data recently
[PID=9284][2026-06-26 11:37:16] requested the navigtion plot redraw
[PID=9284][2026-06-26 11:37:16] updated the GPS map data recently
[PID=9284][2026-06-26 11:37:17] marked the last position on the gps map
[PID=9284][2026-06-26 11:37:17] recorded the payload data into './db/sensor-data.db'
[PID=9284][2026-06-26 11:37:18] read total 16412 bytes from the associated node
[PID=9284][2026-06-26 11:37:18] completed the signal analysis operations
[PID=9284][2026-06-26 11:37:18] requested the microphone plot redraws
[PID=9284][2026-06-26 11:37:18] updated the navigation data recently
[PID=9284][2026-06-26 11:37:18] requested the navigtion plot redraw
[PID=9284][2026-06-26 11:37:19] updated the GPS map data recently
[PID=9284][2026-06-26 11:37:19] marked the last position on the gps map
[PID=9284][2026-06-26 11:37:19] recorded the payload data into './db/sensor-data.db'
[PID=9284][2026-06-26 11:37:21] read total 16412 bytes from the associated node
[PID=9284][2026-06-26 11:37:22] completed the signal analysis operations
[PID=9284][2026-06-26 11:37:22] requested the microphone plot redraws
[PID=9284][2026-06-26 11:37:22] updated the navigation data recently
[PID=9284][2026-06-26 11:37:22] requested the navigtion plot redraw
[PID=9284][2026-06-26 11:37:22] updated the GPS map data recently
[PID=9284][2026-06-26 11:37:22] marked the last position on the gps map
[PID=9284][2026-06-26 11:37:23] recorded the payload data into './db/sensor-data.db'
[PID=9284][2026-06-26 11:37:24] read total 16412 bytes from the associated node
[PID=9284][2026-06-26 11:37:24] completed the signal analysis operations
[PID=9284][2026-06-26 11:37:24] requested the microphone plot redraws
[PID=9284][2026-06-26 11:37:24] updated the navigation data recently
[PID=9284][2026-06-26 11:37:24] requested the navigtion plot redraw
[PID=9284][2026-06-26 11:37:24] updated the GPS map data recently
[PID=9284][2026-06-26 11:37:25] marked the last position on the gps map
[PID=9284][2026-06-26 11:37:25] recorded the payload data into './db/sensor-data.db'
[PID=9284][2026-06-26 11:37:26] read total 16412 bytes from the associated node
[PID=9284][2026-06-26 11:37:26] completed the signal analysis operations
[PID=9284][2026-06-26 11:37:27] requested the microphone plot redraws
[PID=9284][2026-06-26 11:37:27] updated the navigation data recently
[PID=9284][2026-06-26 11:37:27] requested the navigtion plot redraw
[PID=12950][2026-06-26 11:42:16] on_visible_page_changed(): 'microphone'
[PID=12950][2026-06-26 11:42:17] on_device_node_selected(): 'ttyS31'
[PID=12950][2026-06-26 11:42:20] on_comm_channel_selected(): 'USB'
[PID=12950][2026-06-26 11:42:20] on_device_node_selected(): 'ttyUSB0'
[PID=12950][2026-06-26 11:42:22] on_mic_button_clicked(): 'Start'
[PID=12950][2026-06-26 11:42:22] opened the '/dev/ttyUSB0' device node
[PID=12950][2026-06-26 11:42:24] recorded the payload data into './db/sensor-data.db'
[PID=12950][2026-06-26 11:42:25] recorded the payload data into './db/sensor-data.db'
[PID=12950][2026-06-26 11:42:27] recorded the payload data into './db/sensor-data.db'
[PID=12950][2026-06-26 11:42:28] recorded the payload data into './db/sensor-data.db'
[PID=12950][2026-06-26 11:42:30] recorded the payload data into './db/sensor-data.db'
[PID=12950][2026-06-26 11:42:31] recorded the payload data into './db/sensor-data.db'
[PID=12950][2026-06-26 11:42:33] recorded the payload data into './db/sensor-data.db'
[PID=12950][2026-06-26 11:42:34] recorded the payload data into './db/sensor-data.db'
[PID=13750][2026-06-26 11:43:41] on_visible_page_changed(): 'microphone'
[PID=13750][2026-06-26 11:43:41] on_device_node_selected(): 'ttyS31'
[PID=13750][2026-06-26 11:43:44] on_comm_channel_selected(): 'USB'
[PID=13750][2026-06-26 11:43:44] on_device_node_selected(): 'ttyUSB0'
[PID=13750][2026-06-26 11:43:46] on_mic_button_clicked(): 'Start'
[PID=13750][2026-06-26 11:43:46] opened the '/dev/ttyUSB0' device node
[PID=14915][2026-06-26 11:45:59] on_visible_page_changed(): 'microphone'
[PID=14915][2026-06-26 11:45:59] on_device_node_selected(): 'ttyS31'
[PID=14915][2026-06-26 11:46:02] on_comm_channel_selected(): 'USB'
[PID=14915][2026-06-26 11:46:02] on_device_node_selected(): 'ttyUSB0'
[PID=14915][2026-06-26 11:46:03] on_mic_button_clicked(): 'Start'
[PID=14915][2026-06-26 11:46:04] opened the '/dev/ttyUSB0' device node
[PID=18694][2026-06-26 11:51:47] on_visible_page_changed(): 'microphone'
[PID=18694][2026-06-26 11:51:48] on_device_node_selected(): 'ttyS31'
[PID=18694][2026-06-26 11:52:02] on_comm_channel_selected(): 'USB'
[PID=18694][2026-06-26 11:52:02] on_device_node_selected(): 'ttyUSB0'
[PID=18694][2026-06-26 11:52:04] on_mic_button_clicked(): 'Start'
[PID=18694][2026-06-26 11:52:04] opened the '/dev/ttyUSB0' device node
[PID=24702][2026-06-26 12:00:39] on_visible_page_changed(): 'microphone'
[PID=24702][2026-06-26 12:00:39] on_device_node_selected(): 'ttyS31'
[PID=24702][2026-06-26 12:00:45] on_comm_channel_selected(): 'USB'
[PID=24702][2026-06-26 12:00:45] on_device_node_selected(): 'ttyUSB0'
[PID=24702][2026-06-26 12:01:03] on_mic_button_clicked(): 'Start'
[PID=24702][2026-06-26 12:01:03] opened the '/dev/ttyUSB0' device node
[PID=27477][2026-06-26 12:05:40] on_visible_page_changed(): 'microphone'
[PID=27477][2026-06-26 12:05:41] on_device_node_selected(): 'ttyS31'
[PID=27477][2026-06-26 12:05:44] on_comm_channel_selected(): 'USB'
[PID=27477][2026-06-26 12:05:45] on_device_node_selected(): 'ttyUSB0'
[PID=27477][2026-06-26 12:05:46] on_mic_button_clicked(): 'Start'
[PID=27477][2026-06-26 12:05:47] opened the '/dev/ttyUSB0' device node
[PID=31466][2026-06-26 12:12:24] on_visible_page_changed(): 'microphone'
[PID=31466][2026-06-26 12:12:25] on_device_node_selected(): 'ttyS31'
[PID=31466][2026-06-26 12:12:28] on_comm_channel_selected(): 'USB'
[PID=31466][2026-06-26 12:12:28] on_device_node_selected(): 'ttyUSB0'
[PID=31466][2026-06-26 12:12:29] on_mic_button_clicked(): 'Start'
[PID=31466][2026-06-26 12:12:30] opened the '/dev/ttyUSB0' device node
[PID=33650][2026-06-26 12:16:31] on_visible_page_changed(): 'microphone'
[PID=33650][2026-06-26 12:16:32] on_device_node_selected(): 'ttyS31'
[PID=33650][2026-06-26 12:16:35] on_comm_channel_selected(): 'USB'
[PID=33650][2026-06-26 12:16:35] on_device_node_selected(): 'ttyUSB0'
[PID=33650][2026-06-26 12:16:37] on_mic_button_clicked(): 'Start'
[PID=33650][2026-06-26 12:16:37] opened the '/dev/ttyUSB0' device node
[PID=34801][2026-06-26 12:18:47] on_visible_page_changed(): 'microphone'
[PID=34801][2026-06-26 12:18:47] on_device_node_selected(): 'ttyS31'
[PID=34801][2026-06-26 12:18:52] on_comm_channel_selected(): 'USB'
[PID=34801][2026-06-26 12:18:52] on_device_node_selected(): 'ttyUSB0'
[PID=34801][2026-06-26 12:18:54] on_mic_button_clicked(): 'Start'
[PID=34801][2026-06-26 12:18:54] opened the '/dev/ttyUSB0' device node
[PID=35486][2026-06-26 12:20:02] on_visible_page_changed(): 'microphone'
[PID=35486][2026-06-26 12:20:03] on_device_node_selected(): 'ttyS31'
[PID=35486][2026-06-26 12:20:09] on_comm_channel_selected(): 'USB'
[PID=35486][2026-06-26 12:20:09] on_device_node_selected(): 'ttyUSB0'
[PID=35486][2026-06-26 12:20:11] on_mic_button_clicked(): 'Start'
[PID=35486][2026-06-26 12:20:12] opened the '/dev/ttyUSB0' device node
[PID=36290][2026-06-26 12:21:24] on_visible_page_changed(): 'microphone'
[PID=36290][2026-06-26 12:21:25] on_device_node_selected(): 'ttyS31'
[PID=36290][2026-06-26 12:21:28] on_comm_channel_selected(): 'USB'
[PID=36290][2026-06-26 12:21:28] on_device_node_selected(): 'ttyUSB0'
[PID=36290][2026-06-26 12:21:30] on_mic_button_clicked(): 'Start'
[PID=36290][2026-06-26 12:21:30] opened the '/dev/ttyUSB0' device node
[PID=41047][2026-06-26 12:28:38] on_visible_page_changed(): 'microphone'
[PID=41047][2026-06-26 12:28:38] on_device_node_selected(): 'ttyS31'
[PID=41047][2026-06-26 12:28:43] on_comm_channel_selected(): 'USB'
[PID=41047][2026-06-26 12:28:43] on_device_node_selected(): 'ttyUSB0'
[PID=41047][2026-06-26 12:28:46] on_mic_button_clicked(): 'Start'
[PID=41047][2026-06-26 12:28:46] opened the '/dev/ttyUSB0' device node
[PID=42199][2026-06-26 12:30:46] on_visible_page_changed(): 'microphone'
[PID=42199][2026-06-26 12:30:46] on_device_node_selected(): 'ttyS31'
[PID=42199][2026-06-26 12:30:49] on_comm_channel_selected(): 'USB'
[PID=42199][2026-06-26 12:30:49] on_device_node_selected(): 'ttyUSB0'
[PID=42199][2026-06-26 12:30:51] on_mic_button_clicked(): 'Start'
[PID=42199][2026-06-26 12:30:51] opened the '/dev/ttyUSB0' device node
[PID=42688][2026-06-26 12:31:36] on_visible_page_changed(): 'microphone'
[PID=42688][2026-06-26 12:31:36] on_device_node_selected(): 'ttyS31'
[PID=42688][2026-06-26 12:31:40] on_comm_channel_selected(): 'USB'
[PID=42688][2026-06-26 12:31:40] on_device_node_selected(): 'ttyUSB0'
[PID=42688][2026-06-26 12:31:42] on_mic_button_clicked(): 'Start'
[PID=42688][2026-06-26 12:31:42] opened the '/dev/ttyUSB0' device node
[PID=61035][2026-06-26 13:01:58] on_visible_page_changed(): 'microphone'
[PID=61035][2026-06-26 13:01:59] on_device_node_selected(): 'ttyS31'
[PID=61035][2026-06-26 13:02:02] on_comm_channel_selected(): 'USB'
[PID=61035][2026-06-26 13:02:02] on_device_node_selected(): 'ttyUSB0'
[PID=61035][2026-06-26 13:02:04] on_mic_button_clicked(): 'Start'
[PID=61035][2026-06-26 13:02:04] opened the '/dev/ttyUSB0' device node
[PID=61824][2026-06-26 13:03:19] on_visible_page_changed(): 'microphone'
[PID=61824][2026-06-26 13:03:19] on_device_node_selected(): 'ttyS31'
[PID=61824][2026-06-26 13:03:25] on_comm_channel_selected(): 'USB'
[PID=61824][2026-06-26 13:03:25] on_device_node_selected(): 'ttyUSB0'
[PID=61824][2026-06-26 13:03:27] on_mic_button_clicked(): 'Start'
[PID=61824][2026-06-26 13:03:27] opened the '/dev/ttyUSB0' device node
[PID=62661][2026-06-26 13:04:50] on_visible_page_changed(): 'microphone'
[PID=62661][2026-06-26 13:04:51] on_device_node_selected(): 'ttyS31'
[PID=62661][2026-06-26 13:04:54] on_comm_channel_selected(): 'USB'
[PID=62661][2026-06-26 13:04:54] on_device_node_selected(): 'ttyUSB0'
[PID=62661][2026-06-26 13:04:55] on_mic_button_clicked(): 'Start'
[PID=62661][2026-06-26 13:04:56] opened the '/dev/ttyUSB0' device node
