==45154== Memcheck, a memory error detector
==45154== Copyright (C) 2002-2022, and GNU GPL'd, by Julian Seward et al.
==45154== Using Valgrind-3.22.0 and LibVEX; rerun with -h for copyright info
==45154== Command: ./SONAR
==45154== Parent PID: 45151
==45154== 
==45154== 
==45154== Process terminating with default action of signal 2 (SIGINT)
==45154==    at 0x4025B6F: __open_nocancel (open64_nocancel.c:39)
==45154==    by 0x4005CBB: open_verify.constprop.0 (dl-load.c:1623)
==45154==    by 0x4006299: open_path (dl-load.c:1863)
==45154==    by 0x40095F2: _dl_map_object (dl-load.c:2100)
==45154==    by 0x4002A2C: openaux (dl-deps.c:64)
==45154==    by 0x400151B: _dl_catch_exception (dl-catch.c:237)
==45154==    by 0x4002E66: _dl_map_object_deps (dl-deps.c:232)
==45154==    by 0x402241B: dl_main (rtld.c:1965)
==45154==    by 0x401EF45: _dl_sysdep_start (dl-sysdep.c:140)
==45154==    by 0x402075D: _dl_start_final (rtld.c:494)
==45154==    by 0x402075D: _dl_start (rtld.c:581)
==45154==    by 0x401F547: ??? (in /usr/lib/x86_64-linux-gnu/ld-linux-x86-64.so.2)
==45154== 
==45154== HEAP SUMMARY:
==45154==     in use at exit: 0 bytes in 0 blocks
==45154==   total heap usage: 0 allocs, 0 frees, 0 bytes allocated
==45154== 
==45154== All heap blocks were freed -- no leaks are possible
==45154== 
==45154== For lists of detected and suppressed errors, rerun with: -s
==45154== ERROR SUMMARY: 0 errors from 0 contexts (suppressed: 0 from 0)
